2025-06-25 20:18:58 - ERROR - Error al intentar obtener los datos pandas: 'ConexionDB' object has no attribute 'conectar'
2025-06-25 20:18:58 - ERROR - No se pudo mostrar la grafica, el dataframe es None en la funcion Mostrar Grafica
2025-06-25 20:20:00 - ERROR - Error al intentar obtener los datos pandas: 'ConexionDB' object has no attribute 'conectar'
2025-06-25 20:20:00 - ERROR - No se pudo mostrar la grafica, el dataframe es None en la funcion Mostrar Grafica
2025-06-25 20:20:11 - ERROR - Error al intentar obtener los datos pandas: 'ConexionDB' object has no attribute 'conectar'
2025-06-25 20:20:11 - ERROR - No se pudo mostrar la grafica, el dataframe es None en la funcion Mostrar Grafica
2025-06-25 20:21:01 - ERROR - Error al intentar obtener los datos pandas: 'ConexionDB' object has no attribute 'conectar'
2025-06-25 20:21:01 - ERROR - No se pudo mostrar la grafica, el dataframe es None en la funcion Mostrar Grafica
2025-06-25 20:22:15 - ERROR - Error al intentar obtener los datos pandas: 'ConexionDB' object has no attribute 'conectar'
2025-06-25 20:22:15 - ERROR - No se pudo mostrar la grafica, el dataframe es None en la funcion Mostrar Grafica
2025-06-25 20:22:44 - ERROR - No se pudieron obtener los datos para la grafica de ventas por dias
2025-06-25 20:22:44 - ERROR - No se pudo mostrar la grafica, el dataframe es None en la funcion Mostrar Grafica
2025-06-25 20:23:08 - ERROR - No se pudieron obtener los datos para la grafica de ventas por dias
2025-06-25 20:23:08 - ERROR - No se pudo mostrar la grafica, el dataframe es None en la funcion Mostrar Grafica
2025-06-25 20:30:07 - ERROR - No se pudieron obtener los datos para la grafica de ventas por horas
2025-06-25 20:30:07 - ERROR - No se pudo mostrar la grafica, el dataframe es None en la funcion Mostrar Grafica
2025-06-25 22:49:35 - ERROR - Error al intentar actualizar la grafica: 'NoneType' object has no attribute 'content'
2025-06-25 22:50:45 - ERROR - Error al intentar actualizar la grafica: 'Page' object has no attribute 'refColumnaGraficaProductividad'
2025-06-25 22:52:03 - ERROR - Error al intentar actualizar la grafica: 'Page' object has no attribute 'refColumnaGraficaProductividad'
2025-06-25 22:54:01 - ERROR - Error al intentar actualizar la grafica: 'Page' object has no attribute 'refColumnaGraficaProductividad'
2025-06-26 09:13:47 - ERROR - Error al intentar actualizar la grafica: 'NoneType' object has no attribute 'content'
2025-06-26 12:37:33 - ERROR - Error al intentar actualizar la grafica: [Errno 2] No such file or directory: 'static\\graficas\\grafica_dias_7.html'
2025-06-26 12:43:56 - ERROR - Error al intentar actualizar la grafica: [Errno 2] No such file or directory: 'C:\\app\\assets\\graficas\\tmphcww7ytq.html'
2025-06-26 12:58:32 - ERROR - Error al intentar actualizar la grafica: [Errno 2] No such file or directory: 'C:\\Users\\yeiso\\OneDrive\\Escritorio\\Proyecto\\final_proyect\\app\\assets\\graficas\\tmpu53ch68i.html'
2025-06-26 15:43:46 - ERROR - Error al intentar obtener los datos pandas: cannot access local variable 'cur' where it is not associated with a value
2025-06-26 15:43:46 - ERROR - No se pudo mostrar la grafica, el dataframe es None en la funcion Mostrar Grafica
