2025-06-23 12:06:28 - ERROR - Error creating tablero view: 'View' object has no attribute '_Page__lock'
2025-06-23 12:06:54 - ERROR - Error creating tablero view: 'View' object has no attribute '_Page__lock'
2025-06-23 12:07:16 - ERROR - Error creating tablero view: 'Container' object has no attribute '_Page__lock'
2025-06-23 12:07:46 - ERROR - Error creating tablero view: type object 'Page' has no attribute 'append'
2025-06-23 12:08:16 - ERROR - Error creating tablero view: type object 'Page' has no attribute 'view'
2025-06-23 12:09:30 - ERROR - Error creating tablero view: 'property' object has no attribute 'appends'
2025-06-23 12:09:37 - ERROR - Error creating tablero view: 'property' object has no attribute 'append'
2025-06-23 12:09:40 - ERROR - Error creating tablero view: 'property' object has no attribute 'appends'
2025-06-23 12:09:52 - ERROR - Error creating tablero view: 'property' object has no attribute 'append'
2025-06-23 12:10:36 - ERROR - Error creating tablero view: 'property' object has no attribute 'append'
2025-06-23 12:10:47 - ERROR - Error creating tablero view: 'property' object has no attribute 'append'
2025-06-23 12:10:55 - ERROR - Error creating tablero view: 'property' object has no attribute 'append'
2025-06-23 12:12:46 - ERROR - Error creating tablero view: Page.go() missing 1 required positional argument: 'route'
2025-06-23 12:13:46 - ERROR - Error creating tablero view: Page.go() missing 1 required positional argument: 'route'
2025-06-23 12:14:04 - ERROR - Error creating tablero view: Page.update() missing 1 required positional argument: 'self'
2025-06-23 12:14:22 - ERROR - Error creating tablero view: 'ViewTablero' object has no attribute '_Page__lock'
2025-06-23 12:15:36 - ERROR - Error creating tablero view: 'property' object has no attribute 'append'
2025-06-23 12:15:51 - ERROR - Error creating tablero view: 'Container' object has no attribute '_Page__lock'
2025-06-23 12:52:19 - ERROR - Error creating header: ResponsiveRow.__init__() got an unexpected keyword argument 'horizontal_alignment'
2025-06-23 12:52:19 - ERROR - Error creating page: ResponsiveRow.__init__() got an unexpected keyword argument 'horizontal_alignment'
2025-06-23 12:52:19 - ERROR - Error creating tablero view: ResponsiveRow.__init__() got an unexpected keyword argument 'horizontal_alignment'
2025-06-23 12:59:38 - ERROR - Error creating header: TextStyle.__init__() got an unexpected keyword argument 'font_weight'
2025-06-23 12:59:38 - ERROR - Error creating page: TextStyle.__init__() got an unexpected keyword argument 'font_weight'
2025-06-23 12:59:38 - ERROR - Error creating tablero view: TextStyle.__init__() got an unexpected keyword argument 'font_weight'
2025-06-23 13:28:34 - ERROR - Error creating header: name 'Uti' is not defined
2025-06-23 13:28:34 - ERROR - Error creating page: name 'Uti' is not defined
2025-06-23 13:28:34 - ERROR - Error creating tablero view: name 'Uti' is not defined
2025-06-23 13:29:00 - ERROR - Error creating header: module 'flet' has no attribute 'icons'
2025-06-23 13:29:00 - ERROR - Error creating page: module 'flet' has no attribute 'icons'
2025-06-23 13:29:00 - ERROR - Error creating tablero view: module 'flet' has no attribute 'icons'
2025-06-23 13:39:45 - ERROR - Error creating page: Divider.__init__() got an unexpected keyword argument 'expand'
2025-06-23 13:39:45 - ERROR - Error creating tablero view: Divider.__init__() got an unexpected keyword argument 'expand'
2025-06-23 14:09:19 - ERROR - Error creating header: Builder.create_icon_button() missing 1 required positional argument: 'bgcolor'
2025-06-23 14:09:19 - ERROR - Error creating page: Builder.create_icon_button() missing 1 required positional argument: 'bgcolor'
2025-06-23 14:09:19 - ERROR - Error creating tablero view: Builder.create_icon_button() missing 1 required positional argument: 'bgcolor'
2025-06-23 14:09:27 - ERROR - Error creating header: Builder.create_icon_button() missing 2 required positional arguments: 'colorIcon' and 'bgcolor'
2025-06-23 14:09:27 - ERROR - Error creating page: Builder.create_icon_button() missing 2 required positional arguments: 'colorIcon' and 'bgcolor'
2025-06-23 14:09:27 - ERROR - Error creating tablero view: Builder.create_icon_button() missing 2 required positional arguments: 'colorIcon' and 'bgcolor'
2025-06-23 14:13:16 - ERROR - Error creating header: Builder.create_icon_button() missing 1 required positional argument: 'offset'
2025-06-23 14:13:16 - ERROR - Error creating page: Builder.create_icon_button() missing 1 required positional argument: 'offset'
2025-06-23 14:13:16 - ERROR - Error creating tablero view: Builder.create_icon_button() missing 1 required positional argument: 'offset'
2025-06-23 14:50:58 - ERROR - Error creating tablero view: 'tuple' object has no attribute '_build_add_commands'
2025-06-23 14:51:10 - ERROR - Error creating tablero view: 'tuple' object has no attribute '_build_add_commands'
2025-06-23 14:52:10 - ERROR - Error creating tablero view: 'tuple' object has no attribute '_build_add_commands'
2025-06-23 14:53:42 - ERROR - Error creating basic information container: ContainerBuilds.crear_containerTablero() missing 2 required positional arguments: 'subtitulo' and 'cantidad'
2025-06-23 14:53:42 - ERROR - Error creating body content: ContainerBuilds.crear_containerTablero() missing 2 required positional arguments: 'subtitulo' and 'cantidad'
2025-06-23 14:53:42 - ERROR - Error creating page: ContainerBuilds.crear_containerTablero() missing 2 required positional arguments: 'subtitulo' and 'cantidad'
2025-06-23 14:53:42 - ERROR - Error creating tablero view: ContainerBuilds.crear_containerTablero() missing 2 required positional arguments: 'subtitulo' and 'cantidad'
2025-06-23 15:25:25 - ERROR - Error creating header: module 'flet' has no attribute 'datetime'
2025-06-23 15:25:25 - ERROR - Error creating page: module 'flet' has no attribute 'datetime'
2025-06-23 15:25:25 - ERROR - Error creating tablero view: module 'flet' has no attribute 'datetime'
2025-06-23 17:51:38 - ERROR - Error creating tablero view: Container.__init__() got an unexpected keyword argument 'expand_'
2025-06-23 17:56:35 - ERROR - Error creating page: 'Column' object is not iterable
2025-06-23 17:56:35 - ERROR - Error creating tablero view: 'Column' object is not iterable
2025-06-23 17:56:58 - ERROR - Error creating page: 'Column' object is not iterable
2025-06-23 17:56:58 - ERROR - Error creating tablero view: 'Column' object is not iterable
2025-06-23 22:50:11 - ERROR - Error creating extra container: Container.__init__() got an unexpected keyword argument 'pading'
2025-06-23 22:50:11 - ERROR - Error creating graphs and tables area: Container.__init__() got an unexpected keyword argument 'pading'
2025-06-23 22:50:11 - ERROR - Error creating body content: Container.__init__() got an unexpected keyword argument 'pading'
2025-06-23 22:50:11 - ERROR - Error creating page: Container.__init__() got an unexpected keyword argument 'pading'
2025-06-23 22:50:11 - ERROR - Error creating tablero view: Container.__init__() got an unexpected keyword argument 'pading'
2025-06-23 23:05:02 - ERROR - Error creating body content: ResponsiveRow.__init__() got an unexpected keyword argument 'run_alignment'
2025-06-23 23:05:02 - ERROR - Error creating page: ResponsiveRow.__init__() got an unexpected keyword argument 'run_alignment'
2025-06-23 23:05:02 - ERROR - Error creating tablero view: ResponsiveRow.__init__() got an unexpected keyword argument 'run_alignment'
2025-06-23 23:12:01 - ERROR - Error creating basic information container: '>' not supported between instances of 'property' and 'int'
2025-06-23 23:12:01 - ERROR - Error creating body content: '>' not supported between instances of 'property' and 'int'
2025-06-23 23:12:01 - ERROR - Error creating page: '>' not supported between instances of 'property' and 'int'
2025-06-23 23:12:01 - ERROR - Error creating tablero view: '>' not supported between instances of 'property' and 'int'
2025-06-23 23:12:23 - ERROR - Error creating basic information container: int() argument must be a string, a bytes-like object or a real number, not 'property'
2025-06-23 23:12:23 - ERROR - Error creating body content: int() argument must be a string, a bytes-like object or a real number, not 'property'
2025-06-23 23:12:23 - ERROR - Error creating page: int() argument must be a string, a bytes-like object or a real number, not 'property'
2025-06-23 23:12:23 - ERROR - Error creating tablero view: int() argument must be a string, a bytes-like object or a real number, not 'property'
2025-06-23 23:12:55 - ERROR - Error creating basic information container: unsupported operand type(s) for *: 'property' and 'int'
2025-06-23 23:12:55 - ERROR - Error creating body content: unsupported operand type(s) for *: 'property' and 'int'
2025-06-23 23:12:55 - ERROR - Error creating page: unsupported operand type(s) for *: 'property' and 'int'
2025-06-23 23:12:55 - ERROR - Error creating tablero view: unsupported operand type(s) for *: 'property' and 'int'
2025-06-23 23:13:06 - ERROR - Error creating basic information container: Page.__init__() missing 3 required positional arguments: 'conn', 'session_id', and 'loop'
2025-06-23 23:13:06 - ERROR - Error creating body content: Page.__init__() missing 3 required positional arguments: 'conn', 'session_id', and 'loop'
2025-06-23 23:13:06 - ERROR - Error creating page: Page.__init__() missing 3 required positional arguments: 'conn', 'session_id', and 'loop'
2025-06-23 23:13:06 - ERROR - Error creating tablero view: Page.__init__() missing 3 required positional arguments: 'conn', 'session_id', and 'loop'
2025-06-23 23:13:45 - ERROR - Error creating basic information container: ContainerBuilds.__init__() missing 1 required positional argument: 'page'
2025-06-23 23:13:45 - ERROR - Error creating body content: ContainerBuilds.__init__() missing 1 required positional argument: 'page'
2025-06-23 23:13:45 - ERROR - Error creating page: ContainerBuilds.__init__() missing 1 required positional argument: 'page'
2025-06-23 23:13:45 - ERROR - Error creating tablero view: ContainerBuilds.__init__() missing 1 required positional argument: 'page'
2025-06-23 23:13:49 - ERROR - Error creating basic information container: ContainerBuilds.__init__() missing 1 required positional argument: 'page'
2025-06-23 23:13:49 - ERROR - Error creating body content: ContainerBuilds.__init__() missing 1 required positional argument: 'page'
2025-06-23 23:13:49 - ERROR - Error creating page: ContainerBuilds.__init__() missing 1 required positional argument: 'page'
2025-06-23 23:13:49 - ERROR - Error creating tablero view: ContainerBuilds.__init__() missing 1 required positional argument: 'page'
2025-06-23 23:24:07 - ERROR - Error creating tablero view: 'NoneType' object has no attribute '_build_add_commands'
